This file contains any messages produced by compilers while
running configure, to aid debugging if configure makes a mistake.

It was created by rnnoise configure 0.2-22-g70f1d25, which was
generated by GNU Autoconf 2.69.  Invocation command line was

  $ ./configure 

## --------- ##
## Platform. ##
## --------- ##

hostname = dedirock-67111958
uname -m = x86_64
uname -r = 5.4.0-29-generic
uname -s = Linux
uname -v = #33-Ubuntu SMP Wed Apr 29 14:32:27 UTC 2020

/usr/bin/uname -p = x86_64
/bin/uname -X     = unknown

/bin/arch              = x86_64
/usr/bin/arch -k       = unknown
/usr/convex/getsysinfo = unknown
/usr/bin/hostinfo      = unknown
/bin/machine           = unknown
/usr/bin/oslevel       = unknown
/bin/universe          = unknown

PATH: /root/.trae-server/bin/stable-9ef1bfae99b29da0974f81ce328766971507ecc7/bin/remote-cli
PATH: /usr/local/sbin
PATH: /usr/local/bin
PATH: /usr/sbin
PATH: /usr/bin
PATH: /sbin
PATH: /bin
PATH: /usr/games
PATH: /usr/local/games
PATH: /snap/bin


## ----------- ##
## Core tests. ##
## ----------- ##

configure:2341: checking for gcc
configure:2357: found /usr/bin/gcc
configure:2368: result: gcc
configure:2597: checking for C compiler version
configure:2606: gcc --version >&5
gcc (Ubuntu 9.4.0-1ubuntu1~20.04.2) 9.4.0
Copyright (C) 2019 Free Software Foundation, Inc.
This is free software; see the source for copying conditions.  There is NO
warranty; not even for MERCHANTABILITY or FITNESS FOR A PARTICULAR PURPOSE.

configure:2617: $? = 0
configure:2606: gcc -v >&5
Using built-in specs.
COLLECT_GCC=gcc
COLLECT_LTO_WRAPPER=/usr/lib/gcc/x86_64-linux-gnu/9/lto-wrapper
OFFLOAD_TARGET_NAMES=nvptx-none:hsa
OFFLOAD_TARGET_DEFAULT=1
Target: x86_64-linux-gnu
Configured with: ../src/configure -v --with-pkgversion='Ubuntu 9.4.0-1ubuntu1~20.04.2' --with-bugurl=file:///usr/share/doc/gcc-9/README.Bugs --enable-languages=c,ada,c++,go,brig,d,fortran,objc,obj-c++,gm2 --prefix=/usr --with-gcc-major-version-only --program-suffix=-9 --program-prefix=x86_64-linux-gnu- --enable-shared --enable-linker-build-id --libexecdir=/usr/lib --without-included-gettext --enable-threads=posix --libdir=/usr/lib --enable-nls --enable-clocale=gnu --enable-libstdcxx-debug --enable-libstdcxx-time=yes --with-default-libstdcxx-abi=new --enable-gnu-unique-object --disable-vtable-verify --enable-plugin --enable-default-pie --with-system-zlib --with-target-system-zlib=auto --enable-objc-gc=auto --enable-multiarch --disable-werror --with-arch-32=i686 --with-abi=m64 --with-multilib-list=m32,m64,mx32 --enable-multilib --with-tune=generic --enable-offload-targets=nvptx-none=/build/gcc-9-9QDOt0/gcc-9-9.4.0/debian/tmp-nvptx/usr,hsa --without-cuda-driver --enable-checking=release --build=x86_64-linux-gnu --host=x86_64-linux-gnu --target=x86_64-linux-gnu
Thread model: posix
gcc version 9.4.0 (Ubuntu 9.4.0-1ubuntu1~20.04.2) 
configure:2617: $? = 0
configure:2606: gcc -V >&5
gcc: error: unrecognized command line option '-V'
gcc: fatal error: no input files
compilation terminated.
configure:2617: $? = 1
configure:2606: gcc -qversion >&5
gcc: error: unrecognized command line option '-qversion'; did you mean '--version'?
gcc: fatal error: no input files
compilation terminated.
configure:2617: $? = 1
configure:2637: checking whether the C compiler works
configure:2659: gcc    conftest.c  >&5
configure:2663: $? = 0
configure:2711: result: yes
configure:2714: checking for C compiler default output file name
configure:2716: result: a.out
configure:2722: checking for suffix of executables
configure:2729: gcc -o conftest    conftest.c  >&5
configure:2733: $? = 0
configure:2755: result: 
configure:2777: checking whether we are cross compiling
configure:2785: gcc -o conftest    conftest.c  >&5
configure:2789: $? = 0
configure:2796: ./conftest
configure:2800: $? = 0
configure:2788: result: no
configure:2793: checking for suffix of object files
configure:2815: gcc -c   conftest.c >&5
configure:2819: $? = 0
configure:2840: result: o
configure:2844: checking whether we are using the GNU C compiler
configure:2863: gcc -c   conftest.c >&5
configure:2863: $? = 0
configure:2872: result: yes
configure:2881: checking whether gcc accepts -g
configure:2901: gcc -c -g  conftest.c >&5
configure:2901: $? = 0
configure:2942: result: yes
configure:2959: checking for gcc option to accept ISO C89
configure:3022: gcc  -c -g -O2  conftest.c >&5
configure:3022: $? = 0
configure:3035: result: none needed
configure:3060: checking whether gcc understands -c and -o together
configure:3082: gcc -c conftest.c -o conftest2.o
configure:3085: $? = 0
configure:3082: gcc -c conftest.c -o conftest2.o
configure:3085: $? = 0
configure:3097: result: yes
configure:3120: checking how to run the C preprocessor
configure:3151: gcc -E  conftest.c
configure:3151: $? = 0
configure:3165: gcc -E  conftest.c
conftest.c:9:10: fatal error: ac_nonexistent.h: No such file or directory
    9 | #include <ac_nonexistent.h>
      |          ^~~~~~~~~~~~~~~~~~
compilation terminated.
configure:3165: $? = 1
configure: failed program was:
| /* confdefs.h */
| #define PACKAGE_NAME "rnnoise"
| #define PACKAGE_TARNAME "rnnoise"
| #define PACKAGE_VERSION "0.2-22-g70f1d25"
| #define PACKAGE_STRING "rnnoise 0.2-22-g70f1d25"
| #define PACKAGE_BUGREPORT "jmvalin@jmvalin.ca"
| #define PACKAGE_URL ""
| /* end confdefs.h.  */
| #include <ac_nonexistent.h>
configure:3190: result: gcc -E
configure:3210: gcc -E  conftest.c
configure:3210: $? = 0
configure:3224: gcc -E  conftest.c
conftest.c:9:10: fatal error: ac_nonexistent.h: No such file or directory
    9 | #include <ac_nonexistent.h>
      |          ^~~~~~~~~~~~~~~~~~
compilation terminated.
configure:3224: $? = 1
configure: failed program was:
| /* confdefs.h */
| #define PACKAGE_NAME "rnnoise"
| #define PACKAGE_TARNAME "rnnoise"
| #define PACKAGE_VERSION "0.2-22-g70f1d25"
| #define PACKAGE_STRING "rnnoise 0.2-22-g70f1d25"
| #define PACKAGE_BUGREPORT "jmvalin@jmvalin.ca"
| #define PACKAGE_URL ""
| /* end confdefs.h.  */
| #include <ac_nonexistent.h>
configure:3253: checking for grep that handles long lines and -e
configure:3311: result: /usr/bin/grep
configure:3316: checking for egrep
configure:3378: result: /usr/bin/grep -E
configure:3383: checking for ANSI C header files
configure:3403: gcc -c -g -O2  conftest.c >&5
configure:3403: $? = 0
configure:3476: gcc -o conftest -g -O2   conftest.c  >&5
configure:3476: $? = 0
configure:3476: ./conftest
configure:3476: $? = 0
configure:3487: result: yes
configure:3500: checking for sys/types.h
configure:3500: gcc -c -g -O2  conftest.c >&5
configure:3500: $? = 0
configure:3500: result: yes
configure:3500: checking for sys/stat.h
configure:3500: gcc -c -g -O2  conftest.c >&5
configure:3500: $? = 0
configure:3500: result: yes
configure:3500: checking for stdlib.h
configure:3500: gcc -c -g -O2  conftest.c >&5
configure:3500: $? = 0
configure:3500: result: yes
configure:3500: checking for string.h
configure:3500: gcc -c -g -O2  conftest.c >&5
configure:3500: $? = 0
configure:3500: result: yes
configure:3500: checking for memory.h
configure:3500: gcc -c -g -O2  conftest.c >&5
configure:3500: $? = 0
configure:3500: result: yes
configure:3500: checking for strings.h
configure:3500: gcc -c -g -O2  conftest.c >&5
configure:3500: $? = 0
configure:3500: result: yes
configure:3500: checking for inttypes.h
configure:3500: gcc -c -g -O2  conftest.c >&5
configure:3500: $? = 0
configure:3500: result: yes
configure:3500: checking for stdint.h
configure:3500: gcc -c -g -O2  conftest.c >&5
configure:3500: $? = 0
configure:3500: result: yes
configure:3500: checking for unistd.h
configure:3500: gcc -c -g -O2  conftest.c >&5
configure:3500: $? = 0
configure:3500: result: yes
configure:3513: checking minix/config.h usability
configure:3513: gcc -c -g -O2  conftest.c >&5
conftest.c:52:10: fatal error: minix/config.h: No such file or directory
   52 | #include <minix/config.h>
      |          ^~~~~~~~~~~~~~~~
compilation terminated.
configure:3513: $? = 1
configure: failed program was:
| /* confdefs.h */
| #define PACKAGE_NAME "rnnoise"
| #define PACKAGE_TARNAME "rnnoise"
| #define PACKAGE_VERSION "0.2-22-g70f1d25"
| #define PACKAGE_STRING "rnnoise 0.2-22-g70f1d25"
| #define PACKAGE_BUGREPORT "jmvalin@jmvalin.ca"
| #define PACKAGE_URL ""
| #define STDC_HEADERS 1
| #define HAVE_SYS_TYPES_H 1
| #define HAVE_SYS_STAT_H 1
| #define HAVE_STDLIB_H 1
| #define HAVE_STRING_H 1
| #define HAVE_MEMORY_H 1
| #define HAVE_STRINGS_H 1
| #define HAVE_INTTYPES_H 1
| #define HAVE_STDINT_H 1
| #define HAVE_UNISTD_H 1
| /* end confdefs.h.  */
| #include <stdio.h>
| #ifdef HAVE_SYS_TYPES_H
| # include <sys/types.h>
| #endif
| #ifdef HAVE_SYS_STAT_H
| # include <sys/stat.h>
| #endif
| #ifdef STDC_HEADERS
| # include <stdlib.h>
| # include <stddef.h>
| #else
| # ifdef HAVE_STDLIB_H
| #  include <stdlib.h>
| # endif
| #endif
| #ifdef HAVE_STRING_H
| # if !defined STDC_HEADERS && defined HAVE_MEMORY_H
| #  include <memory.h>
| # endif
| # include <string.h>
| #endif
| #ifdef HAVE_STRINGS_H
| # include <strings.h>
| #endif
| #ifdef HAVE_INTTYPES_H
| # include <inttypes.h>
| #endif
| #ifdef HAVE_STDINT_H
| # include <stdint.h>
| #endif
| #ifdef HAVE_UNISTD_H
| # include <unistd.h>
| #endif
| #include <minix/config.h>
configure:3513: result: no
configure:3513: checking minix/config.h presence
configure:3513: gcc -E  conftest.c
conftest.c:19:10: fatal error: minix/config.h: No such file or directory
   19 | #include <minix/config.h>
      |          ^~~~~~~~~~~~~~~~
compilation terminated.
configure:3513: $? = 1
configure: failed program was:
| /* confdefs.h */
| #define PACKAGE_NAME "rnnoise"
| #define PACKAGE_TARNAME "rnnoise"
| #define PACKAGE_VERSION "0.2-22-g70f1d25"
| #define PACKAGE_STRING "rnnoise 0.2-22-g70f1d25"
| #define PACKAGE_BUGREPORT "jmvalin@jmvalin.ca"
| #define PACKAGE_URL ""
| #define STDC_HEADERS 1
| #define HAVE_SYS_TYPES_H 1
| #define HAVE_SYS_STAT_H 1
| #define HAVE_STDLIB_H 1
| #define HAVE_STRING_H 1
| #define HAVE_MEMORY_H 1
| #define HAVE_STRINGS_H 1
| #define HAVE_INTTYPES_H 1
| #define HAVE_STDINT_H 1
| #define HAVE_UNISTD_H 1
| /* end confdefs.h.  */
| #include <minix/config.h>
configure:3513: result: no
configure:3513: checking for minix/config.h
configure:3513: result: no
configure:3534: checking whether it is safe to define __EXTENSIONS__
configure:3552: gcc -c -g -O2  conftest.c >&5
configure:3552: $? = 0
configure:3559: result: yes
configure:3580: checking for special C compiler options needed for large files
configure:3625: result: no
configure:3631: checking for _FILE_OFFSET_BITS value needed for large files
configure:3656: gcc -c -g -O2  conftest.c >&5
configure:3656: $? = 0
configure:3688: result: no
configure:3790: checking for a BSD-compatible install
configure:3858: result: /usr/bin/install -c
configure:3869: checking whether build environment is sane
configure:3924: result: yes
configure:4070: checking for a thread-safe mkdir -p
configure:4109: result: /usr/bin/mkdir -p
configure:4116: checking for gawk
configure:4132: found /usr/bin/gawk
configure:4143: result: gawk
configure:4154: checking whether make sets $(MAKE)
configure:4176: result: yes
configure:4198: checking whether make supports the include directive
configure:4213: make -f confmf.GNU && cat confinc.out
this is the am__doit target
configure:4216: $? = 0
configure:4235: result: yes (GNU style)
configure:4268: checking whether make supports nested variables
configure:4285: result: yes
configure:4361: checking dependency style of gcc
configure:4472: result: gcc3
configure:4531: checking whether to enable maintainer-specific portions of Makefiles
configure:4540: result: yes
configure:4554: checking for inline
configure:4570: gcc -c -g -O2  conftest.c >&5
configure:4570: $? = 0
configure:4578: result: inline
configure:4626: checking build system type
configure:4640: result: x86_64-pc-linux-gnu
configure:4660: checking host system type
configure:4673: result: x86_64-pc-linux-gnu
configure:4714: checking how to print strings
configure:4741: result: printf
configure:4762: checking for a sed that does not truncate output
configure:4826: result: /usr/bin/sed
configure:4844: checking for fgrep
configure:4906: result: /usr/bin/grep -F
configure:4941: checking for ld used by gcc
configure:5008: result: /usr/bin/ld
configure:5015: checking if the linker (/usr/bin/ld) is GNU ld
configure:5030: result: yes
configure:5042: checking for BSD- or MS-compatible name lister (nm)
configure:5096: result: /usr/bin/nm -B
configure:5226: checking the name lister (/usr/bin/nm -B) interface
configure:5233: gcc -c -g -O2  conftest.c >&5
configure:5236: /usr/bin/nm -B "conftest.o"
configure:5239: output
0000000000000000 B some_variable
configure:5240: result: BSD nm
configure:5243: checking whether ln -s works
configure:5247: result: yes
configure:5255: checking the maximum length of command line arguments
configure:5386: result: 1572864
configure:5434: checking how to convert x86_64-pc-linux-gnu file names to x86_64-pc-linux-gnu format
configure:5474: result: func_convert_file_noop
configure:5481: checking how to convert x86_64-pc-linux-gnu file names to toolchain format
configure:5501: result: func_convert_file_noop
configure:5508: checking for /usr/bin/ld option to reload object files
configure:5515: result: -r
configure:5589: checking for objdump
configure:5605: found /usr/bin/objdump
configure:5616: result: objdump
configure:5648: checking how to recognize dependent libraries
configure:5848: result: pass_all
configure:5933: checking for dlltool
configure:5963: result: no
configure:5993: checking how to associate runtime and link libraries
configure:6020: result: printf %s\n
configure:6080: checking for ar
configure:6096: found /usr/bin/ar
configure:6107: result: ar
configure:6144: checking for archiver @FILE support
configure:6161: gcc -c -g -O2  conftest.c >&5
configure:6161: $? = 0
configure:6164: ar cr libconftest.a @conftest.lst >&5
configure:6167: $? = 0
configure:6172: ar cr libconftest.a @conftest.lst >&5
ar: conftest.o: No such file or directory
configure:6175: $? = 1
configure:6174: result: @
configure:6232: checking for strip
configure:6248: found /usr/bin/strip
configure:6259: result: strip
configure:6331: checking for ranlib
configure:6347: found /usr/bin/ranlib
configure:6358: result: ranlib
configure:6460: checking command to parse /usr/bin/nm -B output from gcc object
configure:6613: gcc -c -g -O2  conftest.c >&5
configure:6616: $? = 0
configure:6620: /usr/bin/nm -B conftest.o | sed -n -e 's/^.*[	 ]\([ABCDGIRSTW][ABCDGIRSTW]*\)[	 ][	 ]*\([_A-Za-z][_A-Za-z0-9]*\)$/\1 \2 \2/p' | sed '/ __gnu_lto/d' > conftest.nm
configure:6686: gcc -o conftest -g -O2   conftest.c conftstm.o >&5
configure:6689: $? = 0
configure:6727: result: ok
configure:6774: checking for sysroot
configure:6804: result: no
configure:6811: checking for a working dd
configure:6849: result: /usr/bin/dd
configure:6853: checking how to truncate binary pipes
configure:6868: result: /usr/bin/dd bs=4096 count=1
configure:7004: gcc -c -g -O2  conftest.c >&5
configure:7007: $? = 0
configure:7197: checking for mt
configure:7213: found /usr/bin/mt
configure:7224: result: mt
configure:7247: checking if mt is a manifest tool
configure:7253: mt '-?'
configure:7261: result: no
configure:7935: checking for dlfcn.h
configure:7935: gcc -c -g -O2  conftest.c >&5
configure:7935: $? = 0
configure:7935: result: yes
configure:8191: checking for objdir
configure:8206: result: .libs
configure:8470: checking if gcc supports -fno-rtti -fno-exceptions
configure:8488: gcc -c -g -O2  -fno-rtti -fno-exceptions conftest.c >&5
cc1: warning: command line option '-fno-rtti' is valid for C++/D/ObjC++ but not for C
configure:8492: $? = 0
configure:8505: result: no
configure:8869: checking for gcc option to produce PIC
configure:8876: result: -fPIC -DPIC
configure:8884: checking if gcc PIC flag -fPIC -DPIC works
configure:8902: gcc -c -g -O2  -fPIC -DPIC -DPIC conftest.c >&5
configure:8906: $? = 0
configure:8919: result: yes
configure:8948: checking if gcc static flag -static works
configure:8976: result: yes
configure:8991: checking if gcc supports -c -o file.o
configure:9012: gcc -c -g -O2  -o out/conftest2.o conftest.c >&5
configure:9016: $? = 0
configure:9038: result: yes
configure:9046: checking if gcc supports -c -o file.o
configure:9093: result: yes
configure:9126: checking whether the gcc linker (/usr/bin/ld -m elf_x86_64) supports shared libraries
configure:10389: result: yes
configure:10426: checking whether -lc should be explicitly linked in
configure:10434: gcc -c -g -O2  conftest.c >&5
configure:10437: $? = 0
configure:10452: gcc -shared  -fPIC -DPIC conftest.o  -v -Wl,-soname -Wl,conftest -o conftest 2\>\&1 \| /usr/bin/grep  -lc  \>/dev/null 2\>\&1
configure:10455: $? = 0
configure:10469: result: no
configure:10629: checking dynamic linker characteristics
configure:11210: gcc -o conftest -g -O2   -Wl,-rpath -Wl,/foo conftest.c  >&5
configure:11210: $? = 0
configure:11459: result: GNU/Linux ld.so
configure:11581: checking how to hardcode library paths into programs
configure:11606: result: immediate
configure:12154: checking whether stripping libraries is possible
configure:12159: result: yes
configure:12194: checking if libtool supports shared libraries
configure:12196: result: yes
configure:12199: checking whether to build shared libraries
configure:12224: result: yes
configure:12227: checking whether to build static libraries
configure:12231: result: yes
configure:9056: checking whether make supports nested variables
configure:9073: result: yes
configure:9101: checking if gcc supports -pedantic flag
configure:9116: gcc -o conftest -g -O2 -pedantic   conftest.c  >&5
configure:9116: $? = 0
configure:9134: result: yes
configure:9101: checking if gcc supports -Wall flag
configure:9116: gcc -o conftest -g -O2 -pedantic -Wall   conftest.c  >&5
configure:9116: $? = 0
configure:9134: result: yes
configure:9101: checking if gcc supports -Wextra flag
configure:9116: gcc -o conftest -g -O2 -pedantic -Wall -Wextra   conftest.c  >&5
configure:9116: $? = 0
configure:9134: result: yes
configure:9101: checking if gcc supports -Wno-sign-compare flag
configure:9116: gcc -o conftest -g -O2 -pedantic -Wall -Wextra -Wno-sign-compare   conftest.c  >&5
configure:9116: $? = 0
configure:9134: result: yes
configure:9101: checking if gcc supports -Wno-parentheses flag
configure:9116: gcc -o conftest -g -O2 -pedantic -Wall -Wextra -Wno-sign-compare -Wno-parentheses   conftest.c  >&5
configure:9116: $? = 0
configure:9134: result: yes
configure:9101: checking if gcc supports -Wno-long-long flag
configure:9116: gcc -o conftest -g -O2 -pedantic -Wall -Wextra -Wno-sign-compare -Wno-parentheses -Wno-long-long   conftest.c  >&5
configure:9116: $? = 0
configure:9134: result: yes
configure:9390: checking for cos in -lm
configure:9415: gcc -o conftest -g -O2 -pedantic -Wall -Wextra -Wno-sign-compare -Wno-parentheses -Wno-long-long   conftest.c -lm   >&5
conftest.c:35:6: warning: conflicting types for built-in function 'cos'; expected 'double(double)' [-Wbuiltin-declaration-mismatch]
   35 | char cos ();
      |      ^~~
conftest.c:1:1: note: 'cos' is declared in header '<math.h>'
    1 | /* confdefs.h */
configure:9415: $? = 0
configure:9424: result: yes
configure:9438: checking for gcc way to treat warnings as errors
configure:9453: gcc -o conftest -g -O2 -pedantic -Wall -Wextra -Wno-sign-compare -Wno-parentheses -Wno-long-long -Werror   conftest.c  >&5
configure:9453: $? = 0
configure:9498: result: -Werror
configure:9504: checking if gcc supports __attribute__(( visibility("default") ))
configure:9515: gcc -c -g -O2 -pedantic -Wall -Wextra -Wno-sign-compare -Wno-parentheses -Wno-long-long -Werror  conftest.c >&5
configure:9515: $? = 0
configure:9524: result: yes
configure:9534: checking if gcc supports -fvisibility=hidden
configure:9551: gcc -o conftest -g -O2 -pedantic -Wall -Wextra -Wno-sign-compare -Wno-parentheses -Wno-long-long -Werror -fvisibility=hidden   conftest.c  >&5
configure:9551: $? = 0
configure:9571: result: yes
configure:9599: checking for doxygen
configure:9627: result: no
configure:9637: checking for dot
configure:9665: result: no
configure:9794: checking that generated files are newer than configure
configure:9800: result: done
configure:9843: creating ./config.status

## ---------------------- ##
## Running config.status. ##
## ---------------------- ##

This file was extended by rnnoise config.status 0.2-22-g70f1d25, which was
generated by GNU Autoconf 2.69.  Invocation command line was

  CONFIG_FILES    = 
  CONFIG_HEADERS  = 
  CONFIG_LINKS    = 
  CONFIG_COMMANDS = 
  $ ./config.status 

on dedirock-67111958

config.status:1110: creating Makefile
config.status:1110: creating rnnoise.pc
config.status:1110: creating rnnoise-uninstalled.pc
config.status:1110: creating doc/Doxyfile
config.status:1110: creating config.h
config.status:1339: executing depfiles commands
config.status:1416: cd .       && sed -e '/# am--include-marker/d' Makefile         | make -f - am--depfiles
config.status:1421: $? = 0
config.status:1339: executing libtool commands
configure:12001:
------------------------------------------------------------------------
  rnnoise 0.2-22-g70f1d25: Automatic configuration OK.

    Assertions ................... no

    Hidden visibility ............ yes

    API code examples ............ yes
    API documentation ............ yes
------------------------------------------------------------------------


## ---------------- ##
## Cache variables. ##
## ---------------- ##

ac_cv_build=x86_64-pc-linux-gnu
ac_cv_c_compiler_gnu=yes
ac_cv_c_inline=inline
ac_cv_env_CC_set=
ac_cv_env_CC_value=
ac_cv_env_CFLAGS_set=
ac_cv_env_CFLAGS_value=
ac_cv_env_CPPFLAGS_set=
ac_cv_env_CPPFLAGS_value=
ac_cv_env_CPP_set=
ac_cv_env_CPP_value=
ac_cv_env_LDFLAGS_set=
ac_cv_env_LDFLAGS_value=
ac_cv_env_LIBS_set=
ac_cv_env_LIBS_value=
ac_cv_env_LT_SYS_LIBRARY_PATH_set=
ac_cv_env_LT_SYS_LIBRARY_PATH_value=
ac_cv_env_build_alias_set=
ac_cv_env_build_alias_value=
ac_cv_env_host_alias_set=
ac_cv_env_host_alias_value=
ac_cv_env_target_alias_set=
ac_cv_env_target_alias_value=
ac_cv_header_dlfcn_h=yes
ac_cv_header_inttypes_h=yes
ac_cv_header_memory_h=yes
ac_cv_header_minix_config_h=no
ac_cv_header_stdc=yes
ac_cv_header_stdint_h=yes
ac_cv_header_stdlib_h=yes
ac_cv_header_string_h=yes
ac_cv_header_strings_h=yes
ac_cv_header_sys_stat_h=yes
ac_cv_header_sys_types_h=yes
ac_cv_header_unistd_h=yes
ac_cv_host=x86_64-pc-linux-gnu
ac_cv_lib_m_cos=yes
ac_cv_objext=o
ac_cv_path_EGREP='/usr/bin/grep -E'
ac_cv_path_FGREP='/usr/bin/grep -F'
ac_cv_path_GREP=/usr/bin/grep
ac_cv_path_SED=/usr/bin/sed
ac_cv_path_install='/usr/bin/install -c'
ac_cv_path_lt_DD=/usr/bin/dd
ac_cv_path_mkdir=/usr/bin/mkdir
ac_cv_prog_AWK=gawk
ac_cv_prog_CPP='gcc -E'
ac_cv_prog_HAVE_DOT=no
ac_cv_prog_HAVE_DOXYGEN=no
ac_cv_prog_ac_ct_AR=ar
ac_cv_prog_ac_ct_CC=gcc
ac_cv_prog_ac_ct_MANIFEST_TOOL=mt
ac_cv_prog_ac_ct_OBJDUMP=objdump
ac_cv_prog_ac_ct_RANLIB=ranlib
ac_cv_prog_ac_ct_STRIP=strip
ac_cv_prog_cc_c89=
ac_cv_prog_cc_g=yes
ac_cv_prog_make_make_set=yes
ac_cv_safe_to_define___extensions__=yes
ac_cv_sys_file_offset_bits=no
ac_cv_sys_largefile_CC=no
am_cv_CC_dependencies_compiler_type=gcc3
am_cv_make_support_nested_variables=yes
am_cv_prog_cc_c_o=yes
cc_cv_attribute_visibility_default=yes
cc_cv_cflags__Wall=yes
cc_cv_cflags__Werror=yes
cc_cv_cflags__Wextra=yes
cc_cv_cflags__Wno_long_long=yes
cc_cv_cflags__Wno_parentheses=yes
cc_cv_cflags__Wno_sign_compare=yes
cc_cv_cflags__fvisibility_hidden=yes
cc_cv_cflags__pedantic=yes
cc_cv_flag_visibility=yes
cc_cv_werror=-Werror
lt_cv_ar_at_file=@
lt_cv_archive_cmds_need_lc=no
lt_cv_deplibs_check_method=pass_all
lt_cv_file_magic_cmd='$MAGIC_CMD'
lt_cv_file_magic_test_file=
lt_cv_ld_reload_flag=-r
lt_cv_nm_interface='BSD nm'
lt_cv_objdir=.libs
lt_cv_path_LD=/usr/bin/ld
lt_cv_path_NM='/usr/bin/nm -B'
lt_cv_path_mainfest_tool=no
lt_cv_prog_compiler_c_o=yes
lt_cv_prog_compiler_pic='-fPIC -DPIC'
lt_cv_prog_compiler_pic_works=yes
lt_cv_prog_compiler_rtti_exceptions=no
lt_cv_prog_compiler_static_works=yes
lt_cv_prog_gnu_ld=yes
lt_cv_sharedlib_from_linklib_cmd='printf %s\n'
lt_cv_shlibpath_overrides_runpath=yes
lt_cv_sys_global_symbol_pipe='sed -n -e '\''s/^.*[	 ]\([ABCDGIRSTW][ABCDGIRSTW]*\)[	 ][	 ]*\([_A-Za-z][_A-Za-z0-9]*\)$/\1 \2 \2/p'\'' | sed '\''/ __gnu_lto/d'\'''
lt_cv_sys_global_symbol_to_c_name_address='sed -n -e '\''s/^: \(.*\) .*$/  {"\1", (void *) 0},/p'\'' -e '\''s/^[ABCDGIRSTW][ABCDGIRSTW]* .* \(.*\)$/  {"\1", (void *) \&\1},/p'\'''
lt_cv_sys_global_symbol_to_c_name_address_lib_prefix='sed -n -e '\''s/^: \(.*\) .*$/  {"\1", (void *) 0},/p'\'' -e '\''s/^[ABCDGIRSTW][ABCDGIRSTW]* .* \(lib.*\)$/  {"\1", (void *) \&\1},/p'\'' -e '\''s/^[ABCDGIRSTW][ABCDGIRSTW]* .* \(.*\)$/  {"lib\1", (void *) \&\1},/p'\'''
lt_cv_sys_global_symbol_to_cdecl='sed -n -e '\''s/^T .* \(.*\)$/extern int \1();/p'\'' -e '\''s/^[ABCDGIRSTW][ABCDGIRSTW]* .* \(.*\)$/extern char \1;/p'\'''
lt_cv_sys_global_symbol_to_import=
lt_cv_sys_max_cmd_len=1572864
lt_cv_to_host_file_cmd=func_convert_file_noop
lt_cv_to_tool_file_cmd=func_convert_file_noop
lt_cv_truncate_bin='/usr/bin/dd bs=4096 count=1'

## ----------------- ##
## Output variables. ##
## ----------------- ##

ACLOCAL='${SHELL} /root/rnnoise/missing aclocal-1.16'
AMDEPBACKSLASH='\'
AMDEP_FALSE='#'
AMDEP_TRUE=''
AMTAR='$${TAR-tar}'
AM_BACKSLASH='\'
AM_DEFAULT_V='$(AM_DEFAULT_VERBOSITY)'
AM_DEFAULT_VERBOSITY='0'
AM_V='$(V)'
AR='ar'
AUTOCONF='${SHELL} /root/rnnoise/missing autoconf'
AUTOHEADER='${SHELL} /root/rnnoise/missing autoheader'
AUTOMAKE='${SHELL} /root/rnnoise/missing automake-1.16'
AWK='gawk'
CC='gcc'
CCDEPMODE='depmode=gcc3'
CFLAGS='-g -O2 -pedantic -Wall -Wextra -Wno-sign-compare -Wno-parentheses -Wno-long-long -fvisibility=hidden'
CPP='gcc -E'
CPPFLAGS=''
CYGPATH_W='echo'
DEFS='-DHAVE_CONFIG_H'
DEPDIR='.deps'
DLLTOOL='false'
DSYMUTIL=''
DUMPBIN=''
ECHO_C=''
ECHO_N='-n'
ECHO_T=''
EGREP='/usr/bin/grep -E'
EXEEXT=''
FGREP='/usr/bin/grep -F'
GREP='/usr/bin/grep'
HAVE_DOT='no'
HAVE_DOXYGEN='no'
HAVE_DOXYGEN_FALSE=''
HAVE_DOXYGEN_TRUE='#'
INSTALL_DATA='${INSTALL} -m 644'
INSTALL_PROGRAM='${INSTALL}'
INSTALL_SCRIPT='${INSTALL}'
INSTALL_STRIP_PROGRAM='$(install_sh) -c -s'
LD='/usr/bin/ld -m elf_x86_64'
LDFLAGS=''
LIBM='-lm'
LIBOBJS=''
LIBS=''
LIBTOOL='$(SHELL) $(top_builddir)/libtool'
LIPO=''
LN_S='ln -s'
LTLIBOBJS=''
LT_SYS_LIBRARY_PATH=''
MAINT=''
MAINTAINER_MODE_FALSE='#'
MAINTAINER_MODE_TRUE=''
MAKEINFO='${SHELL} /root/rnnoise/missing makeinfo'
MANIFEST_TOOL=':'
MKDIR_P='/usr/bin/mkdir -p'
NM='/usr/bin/nm -B'
NMEDIT=''
OBJDUMP='objdump'
OBJEXT='o'
OPUS_X86_AVX2_CFLAGS='-mavx -mfma -mavx2'
OPUS_X86_SSE4_1_CFLAGS='-msse4.1'
OP_ENABLE_EXAMPLES_FALSE='#'
OP_ENABLE_EXAMPLES_TRUE=''
OP_LT_AGE='4'
OP_LT_CURRENT='4'
OP_LT_REVISION='1'
OP_WIN32_FALSE=''
OP_WIN32_TRUE='#'
OTOOL64=''
OTOOL=''
PACKAGE='rnnoise'
PACKAGE_BUGREPORT='jmvalin@jmvalin.ca'
PACKAGE_NAME='rnnoise'
PACKAGE_STRING='rnnoise 0.2-22-g70f1d25'
PACKAGE_TARNAME='rnnoise'
PACKAGE_URL=''
PACKAGE_VERSION='0.2-22-g70f1d25'
PATH_SEPARATOR=':'
RANLIB='ranlib'
RNN_ENABLE_X86_RTCD_FALSE=''
RNN_ENABLE_X86_RTCD_TRUE='#'
SED='/usr/bin/sed'
SET_MAKE=''
SHELL='/bin/bash'
STRIP='strip'
VERSION='0.2-22-g70f1d25'
ac_ct_AR='ar'
ac_ct_CC='gcc'
ac_ct_DUMPBIN=''
am__EXEEXT_FALSE=''
am__EXEEXT_TRUE='#'
am__fastdepCC_FALSE='#'
am__fastdepCC_TRUE=''
am__include='include'
am__isrc=''
am__leading_dot='.'
am__nodep='_no'
am__quote=''
am__tar='$${TAR-tar} chof - "$$tardir"'
am__untar='$${TAR-tar} xf -'
bindir='${exec_prefix}/bin'
build='x86_64-pc-linux-gnu'
build_alias=''
build_cpu='x86_64'
build_os='linux-gnu'
build_vendor='pc'
datadir='${datarootdir}'
datarootdir='${prefix}/share'
docdir='${datarootdir}/doc/${PACKAGE_TARNAME}'
dvidir='${docdir}'
exec_prefix='${prefix}'
host='x86_64-pc-linux-gnu'
host_alias=''
host_cpu='x86_64'
host_os='linux-gnu'
host_vendor='pc'
htmldir='${docdir}'
includedir='${prefix}/include'
infodir='${datarootdir}/info'
install_sh='${SHELL} /root/rnnoise/install-sh'
libdir='${exec_prefix}/lib'
libexecdir='${exec_prefix}/libexec'
localedir='${datarootdir}/locale'
localstatedir='${prefix}/var'
lrintf_lib=''
mandir='${datarootdir}/man'
mkdir_p='$(MKDIR_P)'
oldincludedir='/usr/include'
pdfdir='${docdir}'
prefix='/usr/local'
program_transform_name='s,x,x,'
psdir='${docdir}'
runstatedir='${localstatedir}/run'
sbindir='${exec_prefix}/sbin'
sharedstatedir='${prefix}/com'
sysconfdir='${prefix}/etc'
target_alias=''

## ----------- ##
## confdefs.h. ##
## ----------- ##

/* confdefs.h */
#define PACKAGE_NAME "rnnoise"
#define PACKAGE_TARNAME "rnnoise"
#define PACKAGE_VERSION "0.2-22-g70f1d25"
#define PACKAGE_STRING "rnnoise 0.2-22-g70f1d25"
#define PACKAGE_BUGREPORT "jmvalin@jmvalin.ca"
#define PACKAGE_URL ""
#define STDC_HEADERS 1
#define HAVE_SYS_TYPES_H 1
#define HAVE_SYS_STAT_H 1
#define HAVE_STDLIB_H 1
#define HAVE_STRING_H 1
#define HAVE_MEMORY_H 1
#define HAVE_STRINGS_H 1
#define HAVE_INTTYPES_H 1
#define HAVE_STDINT_H 1
#define HAVE_UNISTD_H 1
#define __EXTENSIONS__ 1
#define _ALL_SOURCE 1
#define _GNU_SOURCE 1
#define _POSIX_PTHREAD_SEMANTICS 1
#define _TANDEM_SOURCE 1
#define HAVE_DLFCN_H 1
#define LT_OBJDIR ".libs/"
#define RNNOISE_BUILD /**/
#define DISABLE_DEBUG_FLOAT 1
#define SUPPORT_ATTRIBUTE_VISIBILITY_DEFAULT 1
#define SUPPORT_FLAG_VISIBILITY 1

configure: exit 0
